undefined [33mwarn[39m : [Knex] Mode development
undefined [32minfo[39m : [Mollie] Mode Test
undefined [32minfo[39m : [Boxtal] Mode Test
undefined [33mwarn[39m : [Express] Port NaN
undefined [36mverbose[39m : GET / 404 139 - 7.528 ms

undefined [33mwarn[39m : [Knex] Mode development
undefined [32minfo[39m : [Mollie] Mode Test
undefined [32minfo[39m : [Boxtal] Mode Test
undefined [33mwarn[39m : [Express] Port NaN
undefined [31merror[39m : [Erreur Enregistrement product] Sauvegarde db error: insert into "product" ("collection_id", "img", "name", "packaging_id", "performance_id", "price", "product_id", "property_id", "stock") values ($1, $2, $3, $4, $5, $6, $7, $8, $9) returning "id" - la colonne « id » n'existe pas
    at Parser.parseErrorMessage (/home/fanch/admin/node_modules/pg-protocol/dist/parser.js:287:98)
    at Parser.handlePacket (/home/fanch/admin/node_modules/pg-protocol/dist/parser.js:126:29)
    at Parser.parse (/home/fanch/admin/node_modules/pg-protocol/dist/parser.js:39:38)
    at Socket.<anonymous> (/home/fanch/admin/node_modules/pg-protocol/dist/index.js:11:42)
    at Socket.emit (events.js:315:20)
    at addChunk (_stream_readable.js:296:12)
    at readableAddChunk (_stream_readable.js:272:9)
    at Socket.Readable.push (_stream_readable.js:213:10)
    at TCP.onStreamRead (internal/stream_base_commons.js:186:23) {
  length: 110,
  severity: 'ERREUR',
  code: '42703',
  detail: undefined,
  hint: undefined,
  position: '191',
  internalPosition: undefined,
  internalQuery: undefined,
  where: undefined,
  schema: undefined,
  table: undefined,
  column: undefined,
  dataType: undefined,
  constraint: undefined,
  file: 'parse_relation.c',
  line: '3514',
  routine: 'errorMissingColumn'
}
undefined [31merror[39m : [Erreur Enregistrement product] Sauvegarde db error: insert into "product" ("collection_id", "img", "name", "packaging_id", "performance_id", "price", "product_id", "property_id", "stock") values ($1, $2, $3, $4, $5, $6, $7, $8, $9) returning "product_id" - la valeur d'une clé dupliquée rompt la contrainte unique « product_pk »
    at Parser.parseErrorMessage (/home/fanch/admin/node_modules/pg-protocol/dist/parser.js:287:98)
    at Parser.handlePacket (/home/fanch/admin/node_modules/pg-protocol/dist/parser.js:126:29)
    at Parser.parse (/home/fanch/admin/node_modules/pg-protocol/dist/parser.js:39:38)
    at Socket.<anonymous> (/home/fanch/admin/node_modules/pg-protocol/dist/index.js:11:42)
    at Socket.emit (events.js:315:20)
    at addChunk (_stream_readable.js:296:12)
    at readableAddChunk (_stream_readable.js:272:9)
    at Socket.Readable.push (_stream_readable.js:213:10)
    at TCP.onStreamRead (internal/stream_base_commons.js:186:23) {
  length: 217,
  severity: 'ERREUR',
  code: '23505',
  detail: 'La clé « (product_id)=(42) » existe déjà.',
  hint: undefined,
  position: undefined,
  internalPosition: undefined,
  internalQuery: undefined,
  where: undefined,
  schema: 'public',
  table: 'product',
  column: undefined,
  dataType: undefined,
  constraint: 'product_pk',
  file: 'nbtinsert.c',
  line: '656',
  routine: '_bt_check_unique'
}
undefined [32minfo[39m : [Knex] Table product Données enregistrées (id): 5
undefined [31merror[39m : [Erreur Enregistrement product] Sauvegarde db error: insert into "product" ("collection_id", "img", "name", "packaging_id", "performance_id", "price", "product_id", "property_id", "stock") values ($1, $2, $3, $4, $5, $6, $7, $8, $9) returning "product_id" - la valeur d'une clé dupliquée rompt la contrainte unique « product_pk »
    at Parser.parseErrorMessage (/home/fanch/admin/node_modules/pg-protocol/dist/parser.js:287:98)
    at Parser.handlePacket (/home/fanch/admin/node_modules/pg-protocol/dist/parser.js:126:29)
    at Parser.parse (/home/fanch/admin/node_modules/pg-protocol/dist/parser.js:39:38)
    at Socket.<anonymous> (/home/fanch/admin/node_modules/pg-protocol/dist/index.js:11:42)
    at Socket.emit (events.js:315:20)
    at addChunk (_stream_readable.js:296:12)
    at readableAddChunk (_stream_readable.js:272:9)
    at Socket.Readable.push (_stream_readable.js:213:10)
    at TCP.onStreamRead (internal/stream_base_commons.js:186:23) {
  length: 216,
  severity: 'ERREUR',
  code: '23505',
  detail: 'La clé « (product_id)=(5) » existe déjà.',
  hint: undefined,
  position: undefined,
  internalPosition: undefined,
  internalQuery: undefined,
  where: undefined,
  schema: 'public',
  table: 'product',
  column: undefined,
  dataType: undefined,
  constraint: 'product_pk',
  file: 'nbtinsert.c',
  line: '656',
  routine: '_bt_check_unique'
}
undefined [32minfo[39m : [Knex] Table product Données enregistrées (id): 5
undefined [31merror[39m : [Erreur Enregistrement customer] Sauvegarde db error: insert into "customer" ("address", "city", "collection_id", "firstname", "mail", "name", "postal") values ($1, $2, $3, $4, $5, $6, $7) on conflict ("user_id") do update set "address" = excluded."address", "city" = excluded."city", "collection_id" = excluded."collection_id", "firstname" = excluded."firstname", "mail" = excluded."mail", "name" = excluded."name", "postal" = excluded."postal" returning "user_id" - la colonne « collection_id » de la relation « customer » n'existe pas
    at Parser.parseErrorMessage (/home/fanch/admin/node_modules/pg-protocol/dist/parser.js:287:98)
    at Parser.handlePacket (/home/fanch/admin/node_modules/pg-protocol/dist/parser.js:126:29)
    at Parser.parse (/home/fanch/admin/node_modules/pg-protocol/dist/parser.js:39:38)
    at Socket.<anonymous> (/home/fanch/admin/node_modules/pg-protocol/dist/index.js:11:42)
    at Socket.emit (events.js:315:20)
    at addChunk (_stream_readable.js:296:12)
    at readableAddChunk (_stream_readable.js:272:9)
    at Socket.Readable.push (_stream_readable.js:213:10)
    at TCP.onStreamRead (internal/stream_base_commons.js:186:23) {
  length: 148,
  severity: 'ERREUR',
  code: '42703',
  detail: undefined,
  hint: undefined,
  position: '44',
  internalPosition: undefined,
  internalQuery: undefined,
  where: undefined,
  schema: undefined,
  table: undefined,
  column: undefined,
  dataType: undefined,
  constraint: undefined,
  file: 'parse_target.c',
  line: '1039',
  routine: 'checkInsertTargets'
}
undefined [31merror[39m : [Erreur Enregistrement customer] Sauvegarde db error: insert into "customer" ("address", "city", "collection_id", "country", "firstname", "mail", "name", "postal") values ($1, $2, $3, $4, $5, $6, $7, $8) on conflict ("user_id") do update set "address" = excluded."address", "city" = excluded."city", "collection_id" = excluded."collection_id", "country" = excluded."country", "firstname" = excluded."firstname", "mail" = excluded."mail", "name" = excluded."name", "postal" = excluded."postal" returning "user_id" - la colonne « collection_id » de la relation « customer » n'existe pas
    at Parser.parseErrorMessage (/home/fanch/admin/node_modules/pg-protocol/dist/parser.js:287:98)
    at Parser.handlePacket (/home/fanch/admin/node_modules/pg-protocol/dist/parser.js:126:29)
    at Parser.parse (/home/fanch/admin/node_modules/pg-protocol/dist/parser.js:39:38)
    at Socket.<anonymous> (/home/fanch/admin/node_modules/pg-protocol/dist/index.js:11:42)
    at Socket.emit (events.js:315:20)
    at addChunk (_stream_readable.js:296:12)
    at readableAddChunk (_stream_readable.js:272:9)
    at Socket.Readable.push (_stream_readable.js:213:10)
    at TCP.onStreamRead (internal/stream_base_commons.js:186:23) {
  length: 148,
  severity: 'ERREUR',
  code: '42703',
  detail: undefined,
  hint: undefined,
  position: '44',
  internalPosition: undefined,
  internalQuery: undefined,
  where: undefined,
  schema: undefined,
  table: undefined,
  column: undefined,
  dataType: undefined,
  constraint: undefined,
  file: 'parse_target.c',
  line: '1039',
  routine: 'checkInsertTargets'
}
undefined [31merror[39m : [Erreur Enregistrement customer] Sauvegarde db error: insert into "customer" ("address", "city", "country", "firstname", "mail", "name", "postal") values ($1, $2, $3, $4, $5, $6, $7) on conflict ("user_id") do update set "address" = excluded."address", "city" = excluded."city", "country" = excluded."country", "firstname" = excluded."firstname", "mail" = excluded."mail", "name" = excluded."name", "postal" = excluded."postal" returning "user_id" - une valeur NULL viole la contrainte NOT NULL de la colonne « user_id » dans la relation « customer »
    at Parser.parseErrorMessage (/home/fanch/admin/node_modules/pg-protocol/dist/parser.js:287:98)
    at Parser.handlePacket (/home/fanch/admin/node_modules/pg-protocol/dist/parser.js:126:29)
    at Parser.parse (/home/fanch/admin/node_modules/pg-protocol/dist/parser.js:39:38)
    at Socket.<anonymous> (/home/fanch/admin/node_modules/pg-protocol/dist/index.js:11:42)
    at Socket.emit (events.js:315:20)
    at addChunk (_stream_readable.js:296:12)
    at readableAddChunk (_stream_readable.js:272:9)
    at Socket.Readable.push (_stream_readable.js:213:10)
    at TCP.onStreamRead (internal/stream_base_commons.js:186:23) {
  length: 316,
  severity: 'ERREUR',
  code: '23502',
  detail: "La ligne en échec contient (null, Cavellec, Fanch, 1 rue d'aubigné, 35440, fanch44@hotmail.com, Feins, France, null).",
  hint: undefined,
  position: undefined,
  internalPosition: undefined,
  internalQuery: undefined,
  where: undefined,
  schema: 'public',
  table: 'customer',
  column: 'user_id',
  dataType: undefined,
  constraint: undefined,
  file: 'execMain.c',
  line: '1953',
  routine: 'ExecConstraints'
}
undefined [32minfo[39m : [Knex] Table customer Données enregistrées (id): 2
undefined [32minfo[39m : [Knex] Table customer Données enregistrées (id): 2
undefined [31merror[39m : [Erreur Enregistrement customer] Sauvegarde db error: insert into "customer" ("address", "city", "country", "firstname", "mail", "name", "postal", "user_id") values ($1, $2, $3, $4, $5, $6, $7, $8) on conflict ("user_id") do update set "address" = excluded."address", "city" = excluded."city", "country" = excluded."country", "firstname" = excluded."firstname", "mail" = excluded."mail", "name" = excluded."name", "postal" = excluded."postal", "user_id" = excluded."user_id" returning "user_id" - une valeur NULL viole la contrainte NOT NULL de la colonne « session_id » dans la relation « customer »
    at Parser.parseErrorMessage (/home/fanch/admin/node_modules/pg-protocol/dist/parser.js:287:98)
    at Parser.handlePacket (/home/fanch/admin/node_modules/pg-protocol/dist/parser.js:126:29)
    at Parser.parse (/home/fanch/admin/node_modules/pg-protocol/dist/parser.js:39:38)
    at Socket.<anonymous> (/home/fanch/admin/node_modules/pg-protocol/dist/index.js:11:42)
    at Socket.emit (events.js:315:20)
    at addChunk (_stream_readable.js:296:12)
    at readableAddChunk (_stream_readable.js:272:9)
    at Socket.Readable.push (_stream_readable.js:213:10)
    at TCP.onStreamRead (internal/stream_base_commons.js:186:23) {
  length: 310,
  severity: 'ERREUR',
  code: '23502',
  detail: "La ligne en échec contient (2, Cavellec, Fanch, 1 rue d'aubigné, 35440, fanch@j.fr, Feins, France, null).",
  hint: undefined,
  position: undefined,
  internalPosition: undefined,
  internalQuery: undefined,
  where: undefined,
  schema: 'public',
  table: 'customer',
  column: 'session_id',
  dataType: undefined,
  constraint: undefined,
  file: 'execMain.c',
  line: '1953',
  routine: 'ExecConstraints'
}
undefined [32minfo[39m : [Knex] Table customer Données enregistrées (id): 2
undefined [31merror[39m : [Erreur Enregistrement customer] Sauvegarde db error: insert into "customer" ("address", "city", "country", "firstname", "mail", "name", "postal") values ($1, $2, $3, $4, $5, $6, $7) on conflict ("user_id") do update set "address" = excluded."address", "city" = excluded."city", "country" = excluded."country", "firstname" = excluded."firstname", "mail" = excluded."mail", "name" = excluded."name", "postal" = excluded."postal" returning "user_id" - une valeur NULL viole la contrainte NOT NULL de la colonne « user_id » dans la relation « customer »
    at Parser.parseErrorMessage (/home/fanch/admin/node_modules/pg-protocol/dist/parser.js:287:98)
    at Parser.handlePacket (/home/fanch/admin/node_modules/pg-protocol/dist/parser.js:126:29)
    at Parser.parse (/home/fanch/admin/node_modules/pg-protocol/dist/parser.js:39:38)
    at Socket.<anonymous> (/home/fanch/admin/node_modules/pg-protocol/dist/index.js:11:42)
    at Socket.emit (events.js:315:20)
    at addChunk (_stream_readable.js:296:12)
    at readableAddChunk (_stream_readable.js:272:9)
    at Socket.Readable.push (_stream_readable.js:213:10)
    at TCP.onStreamRead (internal/stream_base_commons.js:186:23) {
  length: 316,
  severity: 'ERREUR',
  code: '23502',
  detail: "La ligne en échec contient (null, Cavellec, Fanch, 1 rue d'aubigné, 35440, fanch44@hotmail.com, Feins, France, null).",
  hint: undefined,
  position: undefined,
  internalPosition: undefined,
  internalQuery: undefined,
  where: undefined,
  schema: 'public',
  table: 'customer',
  column: 'user_id',
  dataType: undefined,
  constraint: undefined,
  file: 'execMain.c',
  line: '1953',
  routine: 'ExecConstraints'
}
undefined [31merror[39m : [Erreur Enregistrement customer] Sauvegarde db error: insert into "customer" ("address", "city", "country", "firstname", "mail", "name", "postal", "session_id") values ($1, $2, $3, $4, $5, $6, $7, $8) on conflict ("user_id") do update set "address" = excluded."address", "city" = excluded."city", "country" = excluded."country", "firstname" = excluded."firstname", "mail" = excluded."mail", "name" = excluded."name", "postal" = excluded."postal", "session_id" = excluded."session_id" returning "user_id" - une valeur NULL viole la contrainte NOT NULL de la colonne « user_id » dans la relation « customer »
    at Parser.parseErrorMessage (/home/fanch/admin/node_modules/pg-protocol/dist/parser.js:287:98)
    at Parser.handlePacket (/home/fanch/admin/node_modules/pg-protocol/dist/parser.js:126:29)
    at Parser.parse (/home/fanch/admin/node_modules/pg-protocol/dist/parser.js:39:38)
    at Socket.<anonymous> (/home/fanch/admin/node_modules/pg-protocol/dist/index.js:11:42)
    at Socket.emit (events.js:315:20)
    at addChunk (_stream_readable.js:296:12)
    at readableAddChunk (_stream_readable.js:272:9)
    at Socket.Readable.push (_stream_readable.js:213:10)
    at TCP.onStreamRead (internal/stream_base_commons.js:186:23) {
  length: 297,
  severity: 'ERREUR',
  code: '23502',
  detail: "La ligne en échec contient (null, Cavellec, Fanch, 1 rue d'aubigné, 35440, f@h, Feins, France, 3).",
  hint: undefined,
  position: undefined,
  internalPosition: undefined,
  internalQuery: undefined,
  where: undefined,
  schema: 'public',
  table: 'customer',
  column: 'user_id',
  dataType: undefined,
  constraint: undefined,
  file: 'execMain.c',
  line: '1953',
  routine: 'ExecConstraints'
}
undefined [32minfo[39m : [Knex] Table customer Données enregistrées (id): 3
undefined [31merror[39m : [Erreur Enregistrement product] Sauvegarde db error: insert into "product" ("collection_id", "name", "packaging_id", "performance_id", "price", "product_id", "property_id", "session_id", "stock") values ($1, $2, $3, $4, $5, $6, $7, $8, $9) on conflict ("product_id") do update set "collection_id" = excluded."collection_id", "name" = excluded."name", "packaging_id" = excluded."packaging_id", "performance_id" = excluded."performance_id", "price" = excluded."price", "product_id" = excluded."product_id", "property_id" = excluded."property_id", "session_id" = excluded."session_id", "stock" = excluded."stock" returning "product_id" - la colonne « session_id » de la relation « product » n'existe pas
    at Parser.parseErrorMessage (/home/fanch/admin/node_modules/pg-protocol/dist/parser.js:287:98)
    at Parser.handlePacket (/home/fanch/admin/node_modules/pg-protocol/dist/parser.js:126:29)
    at Parser.parse (/home/fanch/admin/node_modules/pg-protocol/dist/parser.js:39:38)
    at Socket.<anonymous> (/home/fanch/admin/node_modules/pg-protocol/dist/index.js:11:42)
    at Socket.emit (events.js:315:20)
    at addChunk (_stream_readable.js:296:12)
    at readableAddChunk (_stream_readable.js:272:9)
    at Socket.Readable.push (_stream_readable.js:213:10)
    at TCP.onStreamRead (internal/stream_base_commons.js:186:23) {
  length: 145,
  severity: 'ERREUR',
  code: '42703',
  detail: undefined,
  hint: undefined,
  position: '121',
  internalPosition: undefined,
  internalQuery: undefined,
  where: undefined,
  schema: undefined,
  table: undefined,
  column: undefined,
  dataType: undefined,
  constraint: undefined,
  file: 'parse_target.c',
  line: '1039',
  routine: 'checkInsertTargets'
}
undefined [31merror[39m : [Erreur Enregistrement product] Sauvegarde db error: insert into "product" ("collection_id", "name", "packaging_id", "performance_id", "price", "product_id", "property_id") values ($1, $2, $3, $4, $5, $6, $7) on conflict ("product_id") do update set "collection_id" = excluded."collection_id", "name" = excluded."name", "packaging_id" = excluded."packaging_id", "performance_id" = excluded."performance_id", "price" = excluded."price", "product_id" = excluded."product_id", "property_id" = excluded."property_id" returning "product_id" - syntaxe en entrée invalide pour le type smallint : « Collection 2 »
    at Parser.parseErrorMessage (/home/fanch/admin/node_modules/pg-protocol/dist/parser.js:287:98)
    at Parser.handlePacket (/home/fanch/admin/node_modules/pg-protocol/dist/parser.js:126:29)
    at Parser.parse (/home/fanch/admin/node_modules/pg-protocol/dist/parser.js:39:38)
    at Socket.<anonymous> (/home/fanch/admin/node_modules/pg-protocol/dist/index.js:11:42)
    at Socket.emit (events.js:315:20)
    at addChunk (_stream_readable.js:296:12)
    at readableAddChunk (_stream_readable.js:272:9)
    at Socket.Readable.push (_stream_readable.js:213:10)
    at TCP.onStreamRead (internal/stream_base_commons.js:186:23) {
  length: 131,
  severity: 'ERREUR',
  code: '22P02',
  detail: undefined,
  hint: undefined,
  position: undefined,
  internalPosition: undefined,
  internalQuery: undefined,
  where: undefined,
  schema: undefined,
  table: undefined,
  column: undefined,
  dataType: undefined,
  constraint: undefined,
  file: 'numutils.c',
  line: '247',
  routine: 'pg_strtoint16'
}
undefined [31merror[39m : [Erreur Enregistrement product] Sauvegarde db error: insert into "product" ("collection_id", "name", "packaging_id", "performance_id", "price", "product_id", "property_id") values ($1, $2, $3, $4, $5, $6, $7) on conflict ("product_id") do update set "collection_id" = excluded."collection_id", "name" = excluded."name", "packaging_id" = excluded."packaging_id", "performance_id" = excluded."performance_id", "price" = excluded."price", "product_id" = excluded."product_id", "property_id" = excluded."property_id" returning "product_id" - syntaxe en entrée invalide pour le type smallint : « Collection 2 »
    at Parser.parseErrorMessage (/home/fanch/admin/node_modules/pg-protocol/dist/parser.js:287:98)
    at Parser.handlePacket (/home/fanch/admin/node_modules/pg-protocol/dist/parser.js:126:29)
    at Parser.parse (/home/fanch/admin/node_modules/pg-protocol/dist/parser.js:39:38)
    at Socket.<anonymous> (/home/fanch/admin/node_modules/pg-protocol/dist/index.js:11:42)
    at Socket.emit (events.js:315:20)
    at addChunk (_stream_readable.js:296:12)
    at readableAddChunk (_stream_readable.js:272:9)
    at Socket.Readable.push (_stream_readable.js:213:10)
    at TCP.onStreamRead (internal/stream_base_commons.js:186:23) {
  length: 131,
  severity: 'ERREUR',
  code: '22P02',
  detail: undefined,
  hint: undefined,
  position: undefined,
  internalPosition: undefined,
  internalQuery: undefined,
  where: undefined,
  schema: undefined,
  table: undefined,
  column: undefined,
  dataType: undefined,
  constraint: undefined,
  file: 'numutils.c',
  line: '247',
  routine: 'pg_strtoint16'
}
undefined [31merror[39m : [Erreur Enregistrement product] Sauvegarde db error: insert into "product" ("collection_id", "name", "packaging_id", "performance_id", "price", "product_id", "property_id") values ($1, $2, $3, $4, $5, $6, $7) on conflict ("product_id") do update set "collection_id" = excluded."collection_id", "name" = excluded."name", "packaging_id" = excluded."packaging_id", "performance_id" = excluded."performance_id", "price" = excluded."price", "product_id" = excluded."product_id", "property_id" = excluded."property_id" returning "product_id" - syntaxe en entrée invalide pour le type smallint : « 500x600x100 »
    at Parser.parseErrorMessage (/home/fanch/admin/node_modules/pg-protocol/dist/parser.js:287:98)
    at Parser.handlePacket (/home/fanch/admin/node_modules/pg-protocol/dist/parser.js:126:29)
    at Parser.parse (/home/fanch/admin/node_modules/pg-protocol/dist/parser.js:39:38)
    at Socket.<anonymous> (/home/fanch/admin/node_modules/pg-protocol/dist/index.js:11:42)
    at Socket.emit (events.js:315:20)
    at addChunk (_stream_readable.js:296:12)
    at readableAddChunk (_stream_readable.js:272:9)
    at Socket.Readable.push (_stream_readable.js:213:10)
    at TCP.onStreamRead (internal/stream_base_commons.js:186:23) {
  length: 130,
  severity: 'ERREUR',
  code: '22P02',
  detail: undefined,
  hint: undefined,
  position: undefined,
  internalPosition: undefined,
  internalQuery: undefined,
  where: undefined,
  schema: undefined,
  table: undefined,
  column: undefined,
  dataType: undefined,
  constraint: undefined,
  file: 'numutils.c',
  line: '247',
  routine: 'pg_strtoint16'
}
undefined [31merror[39m : [Erreur Enregistrement product] Sauvegarde db error: insert into "product" ("collection_id", "name", "packaging_id", "performance_id", "price", "product_id", "property_id") values ($1, $2, $3, $4, $5, $6, $7) on conflict ("product_id") do update set "collection_id" = excluded."collection_id", "name" = excluded."name", "packaging_id" = excluded."packaging_id", "performance_id" = excluded."performance_id", "price" = excluded."price", "product_id" = excluded."product_id", "property_id" = excluded."property_id" returning "product_id" - une valeur NULL viole la contrainte NOT NULL de la colonne « img » dans la relation « product »
    at Parser.parseErrorMessage (/home/fanch/admin/node_modules/pg-protocol/dist/parser.js:287:98)
    at Parser.handlePacket (/home/fanch/admin/node_modules/pg-protocol/dist/parser.js:126:29)
    at Parser.parse (/home/fanch/admin/node_modules/pg-protocol/dist/parser.js:39:38)
    at Socket.<anonymous> (/home/fanch/admin/node_modules/pg-protocol/dist/index.js:11:42)
    at Socket.emit (events.js:315:20)
    at addChunk (_stream_readable.js:296:12)
    at readableAddChunk (_stream_readable.js:272:9)
    at Socket.Readable.push (_stream_readable.js:213:10)
    at TCP.onStreamRead (internal/stream_base_commons.js:186:23) {
  length: 258,
  severity: 'ERREUR',
  code: '23502',
  detail: 'La ligne en échec contient (43, 1, Woodik-8, 95, null, null, 2, 2, 1).',
  hint: undefined,
  position: undefined,
  internalPosition: undefined,
  internalQuery: undefined,
  where: undefined,
  schema: 'public',
  table: 'product',
  column: 'img',
  dataType: undefined,
  constraint: undefined,
  file: 'execMain.c',
  line: '1953',
  routine: 'ExecConstraints'
}
undefined [32minfo[39m : [Knex] Table product Données enregistrées (id): 43
undefined [34mdebug[39m : [Knex] Données Table customer chargées (length): 3
undefined [34mdebug[39m : [Knex] Données Table customer chargées (length): 3
undefined [34mdebug[39m : [Knex] Données Table customer chargées (length): 3
undefined [34mdebug[39m : [Knex] Données Table customer chargées (length): 3
undefined [34mdebug[39m : [Knex] Données Table customer chargées (length): 3
undefined [34mdebug[39m : [Knex] Données Table customer chargées (length): 3
undefined [34mdebug[39m : [Knex] Données Table customer chargées (length): 3
undefined [34mdebug[39m : [Knex] Données Table customer chargées (length): 3
undefined [34mdebug[39m : [Knex] Données Table customer chargées (length): 3
undefined [34mdebug[39m : [Knex] Données Table customer chargées (length): 3
undefined [34mdebug[39m : [Knex] Données Table customer chargées (length): 3
undefined [34mdebug[39m : [Knex] Données Table customer chargées (length): 3
undefined [34mdebug[39m : [Knex] Données Table collection chargées (length): 2
undefined [34mdebug[39m : [Knex] Données Table property chargées (length): 1
undefined [34mdebug[39m : [Knex] Données Table performance chargées (length): 1
undefined [34mdebug[39m : [Knex] Données Table packaging chargées (length): 2
undefined [32minfo[39m : [Knex] Table product Données enregistrées (id): 44
undefined [32minfo[39m : [Knex] Table product Données enregistrées (id): 44
undefined [32minfo[39m : [Knex] Table product Données enregistrées (id): 44
undefined [34mdebug[39m : [Knex] Données Table collection chargées (length): 2
undefined [34mdebug[39m : [Knex] Données Table property chargées (length): 1
undefined [34mdebug[39m : [Knex] Données Table performance chargées (length): 1
undefined [34mdebug[39m : [Knex] Données Table packaging chargées (length): 2
undefined [34mdebug[39m : [Knex] Données Table collection chargées (length): 2
undefined [34mdebug[39m : [Knex] Données Table property chargées (length): 1
undefined [34mdebug[39m : [Knex] Données Table packaging chargées (length): 2
undefined [34mdebug[39m : [Knex] Données Table performance chargées (length): 1
undefined [34mdebug[39m : [Knex] Données Table customer chargées (length): 3
undefined [34mdebug[39m : [Knex] Données Table business chargées (length): 1
undefined [34mdebug[39m : [Knex] Données Table business chargées (length): 1
undefined [34mdebug[39m : [Knex] Données Table customer chargées (length): 3
undefined [33mwarn[39m : [Knex] Données delivery manquantes (length): 0
undefined [34mdebug[39m : [Knex] Données Table collection chargées (length): 2
undefined [34mdebug[39m : [Knex] Données Table performance chargées (length): 1
undefined [34mdebug[39m : [Knex] Données Table property chargées (length): 1
undefined [34mdebug[39m : [Knex] Données Table packaging chargées (length): 2
undefined [34mdebug[39m : [Knex] Données Table collection chargées (length): 2
undefined [34mdebug[39m : [Knex] Données Table property chargées (length): 1
undefined [34mdebug[39m : [Knex] Données Table performance chargées (length): 1
undefined [34mdebug[39m : [Knex] Données Table packaging chargées (length): 2
undefined [34mdebug[39m : [Knex] Données Table customer chargées (length): 3
undefined [34mdebug[39m : [Knex] Données Table collection chargées (length): 2
undefined [34mdebug[39m : [Knex] Données Table property chargées (length): 1
undefined [34mdebug[39m : [Knex] Données Table performance chargées (length): 1
undefined [34mdebug[39m : [Knex] Données Table packaging chargées (length): 2
undefined [34mdebug[39m : [Knex] Données Table customer chargées (length): 3
undefined [34mdebug[39m : [Knex] Données Table collection chargées (length): 2
undefined [34mdebug[39m : [Knex] Données Table property chargées (length): 1
undefined [34mdebug[39m : [Knex] Données Table performance chargées (length): 1
undefined [34mdebug[39m : [Knex] Données Table packaging chargées (length): 2
undefined [34mdebug[39m : [Knex] Données Table collection chargées (length): 2
undefined [34mdebug[39m : [Knex] Données Table property chargées (length): 1
undefined [34mdebug[39m : [Knex] Données Table performance chargées (length): 1
undefined [34mdebug[39m : [Knex] Données Table packaging chargées (length): 2
undefined [34mdebug[39m : [Knex] Données Table collection chargées (length): 2
undefined [34mdebug[39m : [Knex] Données Table property chargées (length): 1
undefined [34mdebug[39m : [Knex] Données Table performance chargées (length): 1
undefined [34mdebug[39m : [Knex] Données Table packaging chargées (length): 2
undefined [34mdebug[39m : [Knex] Données Table customer chargées (length): 3
undefined [34mdebug[39m : [Knex] Données Table property chargées (length): 1
undefined [34mdebug[39m : [Knex] Données Table collection chargées (length): 2
undefined [34mdebug[39m : [Knex] Données Table performance chargées (length): 1
undefined [34mdebug[39m : [Knex] Données Table packaging chargées (length): 2
undefined [34mdebug[39m : [Knex] Données Table property chargées (length): 1
undefined [34mdebug[39m : [Knex] Données Table collection chargées (length): 2
undefined [34mdebug[39m : [Knex] Données Table performance chargées (length): 1
undefined [34mdebug[39m : [Knex] Données Table packaging chargées (length): 2
undefined [34mdebug[39m : [Knex] Données Table customer chargées (length): 3
undefined [34mdebug[39m : [Knex] Données Table collection chargées (length): 2
undefined [34mdebug[39m : [Knex] Données Table property chargées (length): 1
undefined [34mdebug[39m : [Knex] Données Table performance chargées (length): 1
undefined [34mdebug[39m : [Knex] Données Table packaging chargées (length): 2
undefined [34mdebug[39m : [Knex] Données Table customer chargées (length): 3
undefined [34mdebug[39m : [Knex] Données Table collection chargées (length): 2
undefined [34mdebug[39m : [Knex] Données Table property chargées (length): 1
undefined [34mdebug[39m : [Knex] Données Table performance chargées (length): 1
undefined [34mdebug[39m : [Knex] Données Table packaging chargées (length): 2
undefined [34mdebug[39m : [Knex] Données Table customer chargées (length): 3
undefined [34mdebug[39m : [Knex] Données Table customer chargées (length): 3
undefined [34mdebug[39m : [Knex] Données Table collection chargées (length): 2
undefined [34mdebug[39m : [Knex] Données Table property chargées (length): 1
undefined [34mdebug[39m : [Knex] Données Table performance chargées (length): 1
undefined [34mdebug[39m : [Knex] Données Table packaging chargées (length): 2
undefined [34mdebug[39m : [Knex] Données Table customer chargées (length): 3
undefined [34mdebug[39m : [Knex] Données Table collection chargées (length): 2
undefined [34mdebug[39m : [Knex] Données Table property chargées (length): 1
undefined [34mdebug[39m : [Knex] Données Table performance chargées (length): 1
undefined [34mdebug[39m : [Knex] Données Table packaging chargées (length): 2
undefined [34mdebug[39m : [Knex] Données Table customer chargées (length): 3
undefined [34mdebug[39m : [Knex] Données Table property chargées (length): 1
undefined [34mdebug[39m : [Knex] Données Table collection chargées (length): 2
undefined [34mdebug[39m : [Knex] Données Table performance chargées (length): 1
undefined [34mdebug[39m : [Knex] Données Table packaging chargées (length): 2
undefined [34mdebug[39m : [Knex] Données Table customer chargées (length): 3
undefined [34mdebug[39m : [Knex] Données Table collection chargées (length): 2
undefined [34mdebug[39m : [Knex] Données Table property chargées (length): 1
undefined [34mdebug[39m : [Knex] Données Table performance chargées (length): 1
undefined [34mdebug[39m : [Knex] Données Table packaging chargées (length): 2
undefined [34mdebug[39m : [Knex] Données Table customer chargées (length): 3
undefined [34mdebug[39m : [Knex] Données Table collection chargées (length): 2
undefined [34mdebug[39m : [Knex] Données Table property chargées (length): 1
undefined [34mdebug[39m : [Knex] Données Table packaging chargées (length): 2
undefined [34mdebug[39m : [Knex] Données Table performance chargées (length): 1
undefined [34mdebug[39m : [Knex] Données Table customer chargées (length): 3
undefined [34mdebug[39m : [Knex] Données Table collection chargées (length): 2
undefined [34mdebug[39m : [Knex] Données Table property chargées (length): 1
undefined [34mdebug[39m : [Knex] Données Table performance chargées (length): 1
undefined [34mdebug[39m : [Knex] Données Table packaging chargées (length): 2
undefined [34mdebug[39m : [Knex] Données Table customer chargées (length): 3
undefined [34mdebug[39m : [Knex] Données Table collection chargées (length): 2
undefined [34mdebug[39m : [Knex] Données Table property chargées (length): 1
undefined [34mdebug[39m : [Knex] Données Table performance chargées (length): 1
undefined [34mdebug[39m : [Knex] Données Table packaging chargées (length): 2
undefined [34mdebug[39m : [Knex] Données Table customer chargées (length): 3
undefined [34mdebug[39m : [Knex] Données Table collection chargées (length): 2
undefined [34mdebug[39m : [Knex] Données Table property chargées (length): 1
undefined [34mdebug[39m : [Knex] Données Table performance chargées (length): 1
undefined [34mdebug[39m : [Knex] Données Table packaging chargées (length): 2
undefined [34mdebug[39m : [Knex] Données Table customer chargées (length): 3
undefined [34mdebug[39m : [Knex] Données Table collection chargées (length): 2
undefined [34mdebug[39m : [Knex] Données Table property chargées (length): 1
undefined [34mdebug[39m : [Knex] Données Table performance chargées (length): 1
undefined [34mdebug[39m : [Knex] Données Table packaging chargées (length): 2
undefined [34mdebug[39m : [Knex] Données Table customer chargées (length): 3
undefined [34mdebug[39m : [Knex] Données Table collection chargées (length): 2
undefined [34mdebug[39m : [Knex] Données Table property chargées (length): 1
undefined [34mdebug[39m : [Knex] Données Table performance chargées (length): 1
undefined [34mdebug[39m : [Knex] Données Table packaging chargées (length): 2
undefined [34mdebug[39m : [Knex] Données Table customer chargées (length): 3
undefined [34mdebug[39m : [Knex] Données Table collection chargées (length): 2
undefined [34mdebug[39m : [Knex] Données Table property chargées (length): 1
undefined [34mdebug[39m : [Knex] Données Table performance chargées (length): 1
undefined [34mdebug[39m : [Knex] Données Table packaging chargées (length): 2
undefined [34mdebug[39m : [Knex] Données Table customer chargées (length): 3
undefined [34mdebug[39m : [Knex] Données Table collection chargées (length): 2
undefined [34mdebug[39m : [Knex] Données Table property chargées (length): 1
undefined [34mdebug[39m : [Knex] Données Table performance chargées (length): 1
undefined [34mdebug[39m : [Knex] Données Table packaging chargées (length): 2
undefined [33mwarn[39m : [Knex] Données invoice manquantes (length): 0
undefined [34mdebug[39m : [Knex] Données Table collection chargées (length): 2
undefined [34mdebug[39m : [Knex] Données Table property chargées (length): 1
undefined [34mdebug[39m : [Knex] Données Table performance chargées (length): 1
undefined [34mdebug[39m : [Knex] Données Table packaging chargées (length): 2
undefined [34mdebug[39m : [Knex] Données Table customer chargées (length): 3
undefined [34mdebug[39m : [Knex] Données Table collection chargées (length): 2
undefined [34mdebug[39m : [Knex] Données Table performance chargées (length): 1
undefined [34mdebug[39m : [Knex] Données Table property chargées (length): 1
undefined [34mdebug[39m : [Knex] Données Table packaging chargées (length): 2
undefined [33mwarn[39m : [Knex] Données invoice manquantes (length): 0
undefined [34mdebug[39m : [Knex] Données Table collection chargées (length): 2
undefined [34mdebug[39m : [Knex] Données Table property chargées (length): 1
undefined [34mdebug[39m : [Knex] Données Table packaging chargées (length): 2
undefined [34mdebug[39m : [Knex] Données Table performance chargées (length): 1
undefined [32minfo[39m : [Knex] Table product Données enregistrées (id): 45
undefined [32minfo[39m : [Knex] Table product Données enregistrées (id): 45
undefined [34mdebug[39m : [Knex] Données Table collection chargées (length): 2
undefined [34mdebug[39m : [Knex] Données Table property chargées (length): 1
undefined [34mdebug[39m : [Knex] Données Table performance chargées (length): 1
undefined [34mdebug[39m : [Knex] Données Table packaging chargées (length): 2
undefined [34mdebug[39m : [Knex] Données Table collection chargées (length): 2
undefined [34mdebug[39m : [Knex] Données Table property chargées (length): 1
undefined [34mdebug[39m : [Knex] Données Table performance chargées (length): 1
undefined [34mdebug[39m : [Knex] Données Table packaging chargées (length): 2
undefined [34mdebug[39m : [Knex] Données Table collection chargées (length): 2
undefined [34mdebug[39m : [Knex] Données Table property chargées (length): 1
undefined [34mdebug[39m : [Knex] Données Table performance chargées (length): 1
undefined [34mdebug[39m : [Knex] Données Table packaging chargées (length): 2
undefined [34mdebug[39m : [Knex] Données Table collection chargées (length): 2
undefined [34mdebug[39m : [Knex] Données Table property chargées (length): 1
undefined [34mdebug[39m : [Knex] Données Table performance chargées (length): 1
undefined [34mdebug[39m : [Knex] Données Table packaging chargées (length): 2
undefined [34mdebug[39m : [Knex] Données Table collection chargées (length): 2
undefined [34mdebug[39m : [Knex] Données Table property chargées (length): 1
undefined [34mdebug[39m : [Knex] Données Table performance chargées (length): 1
undefined [34mdebug[39m : [Knex] Données Table packaging chargées (length): 2
undefined [34mdebug[39m : [Knex] Données Table collection chargées (length): 2
undefined [34mdebug[39m : [Knex] Données Table property chargées (length): 1
undefined [34mdebug[39m : [Knex] Données Table performance chargées (length): 1
undefined [34mdebug[39m : [Knex] Données Table packaging chargées (length): 2
undefined [34mdebug[39m : [Knex] Données Table collection chargées (length): 2
undefined [34mdebug[39m : [Knex] Données Table property chargées (length): 1
undefined [34mdebug[39m : [Knex] Données Table performance chargées (length): 1
undefined [34mdebug[39m : [Knex] Données Table packaging chargées (length): 2
undefined [34mdebug[39m : [Knex] Données Table collection chargées (length): 2
undefined [34mdebug[39m : [Knex] Données Table property chargées (length): 1
undefined [34mdebug[39m : [Knex] Données Table performance chargées (length): 1
undefined [34mdebug[39m : [Knex] Données Table packaging chargées (length): 2
undefined [34mdebug[39m : [Knex] Données Table collection chargées (length): 2
undefined [34mdebug[39m : [Knex] Données Table packaging chargées (length): 2
undefined [34mdebug[39m : [Knex] Données Table performance chargées (length): 1
undefined [34mdebug[39m : [Knex] Données Table property chargées (length): 1
undefined [34mdebug[39m : [Knex] Données Table customer chargées (length): 3
undefined [34mdebug[39m : [Knex] Données Table collection chargées (length): 2
undefined [34mdebug[39m : [Knex] Données Table property chargées (length): 1
undefined [34mdebug[39m : [Knex] Données Table performance chargées (length): 1
undefined [34mdebug[39m : [Knex] Données Table packaging chargées (length): 2
undefined [33mwarn[39m : [Knex] Données invoice manquantes (length): 0
undefined [34mdebug[39m : [Knex] Données Table collection chargées (length): 2
undefined [34mdebug[39m : [Knex] Données Table property chargées (length): 1
undefined [34mdebug[39m : [Knex] Données Table performance chargées (length): 1
undefined [34mdebug[39m : [Knex] Données Table packaging chargées (length): 2
undefined [34mdebug[39m : [Knex] Données Table collection chargées (length): 2
undefined [34mdebug[39m : [Knex] Données Table property chargées (length): 1
undefined [34mdebug[39m : [Knex] Données Table performance chargées (length): 1
undefined [34mdebug[39m : [Knex] Données Table packaging chargées (length): 2
